0 info it worked if it ends with ok
1 verbose cli [ 'C:\\applications\\nodejs\\node.exe',
1 verbose cli   'C:\\applications\\nodejs\\node_modules\\npm\\bin\\npm-cli.js',
1 verbose cli   'publish',
1 verbose cli   '-f' ]
2 info using npm@2.14.3
3 info using node@v4.1.0
4 warn using --force I sure hope you know what you are doing.
5 verbose publish [ '.' ]
6 silly cache add args [ '.', null ]
7 verbose cache add spec .
8 silly cache add parsed spec Result {
8 silly cache add   raw: '.',
8 silly cache add   scope: null,
8 silly cache add   name: null,
8 silly cache add   rawSpec: '.',
8 silly cache add   spec: 'C:\\Documents and Settings\\Developer\\My Documents\\code\\cardpack',
8 silly cache add   type: 'directory' }
9 verbose addLocalDirectory C:\Documents and Settings\Developer\Application Data\npm-cache\cardpack\1.0.0\package.tgz not in flight; packing
10 verbose tar pack [ 'C:\\Documents and Settings\\Developer\\Application Data\\npm-cache\\cardpack\\1.0.0\\package.tgz',
10 verbose tar pack   'C:\\Documents and Settings\\Developer\\My Documents\\code\\cardpack' ]
11 verbose tarball C:\Documents and Settings\Developer\Application Data\npm-cache\cardpack\1.0.0\package.tgz
12 verbose folder C:\Documents and Settings\Developer\My Documents\code\cardpack
13 info prepublish cardpack@1.0.0
14 verbose addLocalTarball adding from inside cache C:\Documents and Settings\Developer\Application Data\npm-cache\cardpack\1.0.0\package.tgz
15 silly cache afterAdd cardpack@1.0.0
16 verbose afterAdd C:\Documents and Settings\Developer\Application Data\npm-cache\cardpack\1.0.0\package\package.json not in flight; writing
17 verbose afterAdd C:\Documents and Settings\Developer\Application Data\npm-cache\cardpack\1.0.0\package\package.json written
18 silly publish { name: 'cardpack',
18 silly publish   version: '1.0.0',
18 silly publish   description: 'Get cards and random cards',
18 silly publish   main: 'src/index.js',
18 silly publish   scripts: { test: 'echo "Error: no test specified" && exit 1' },
18 silly publish   repository:
18 silly publish    { type: 'git',
18 silly publish      url: 'git+https://github.com/prishanf/cardpack.git' },
18 silly publish   keywords: [ 'cards', 'rondom', 'cards' ],
18 silly publish   author: { name: 'Prishan Fernando', email: 'prishanf@yahoo.com' },
18 silly publish   license: 'MIT',
18 silly publish   bugs: { url: 'https://github.com/prishanf/cardpack/issues' },
18 silly publish   homepage: 'https://github.com/prishanf/cardpack#readme',
18 silly publish   dependencies: { 'unique-random-array': '1.0.0' },
18 silly publish   readme: '##How to Write an Open Scource JavaScrtip Libaray\r\n###cardpack\r\n\r\n1.Setup Setting up GitHub Repository\r\n\tCreate GitHub User\r\n\tCreate a GitHub repository\r\n\tClone the Git Repository to Local dircotory\r\n\tPush Code to Git repository \r\n\r\n2. Create npm and Creating a package.json\r\n\tinstall nodejs ( nodejs.org)\r\n\tcheck node version `node -v\r\n\tcheck npm version `npm -v\r\n\tnpm doc : http://docs.npmjs.com\r\n\tset below proporties\r\n\t\tinit-author-name     `npm set init-author "prishan"\r\n\t\tinit-author-email    `npm set init-email "email@test.com"\r\n\t\tinit-author-license\t `npm set init-license "MIT"\r\n\t\tsave-exact=true\r\n\tcheck the settings by `cat ~/.npmrc\r\n    Sign up for npm account\thttps://www.npmjs.com/\r\n    setup npm login by executing command `npm adduser\r\n    create the pcakage.json `npm init\r\n    create the src/index.js file as the entry point to your module code\r\n    install unique-random-array as dependance for random functinality\r\n    test the code in node by going into node ` node\r\n    `> var lib require(\'/src/index.js\');\r\n       lib.all\r\n       lib.random\r\n\r\n3.Pushing to GitHub\r\n\tcreate git ignore file .gitignore to add the node_modules as ignore folder\r\n\tgit add -A\r\n\tgit commit -m "Inital Code"\r\n\tgit push -u origin master\r\n\r\n\r\n4 Pushing to NPM\r\n\tnpm publish\r\n\t\t\r\n\r\n\r\n\r\n',
18 silly publish   readmeFilename: 'README.md',
18 silly publish   gitHead: 'cd6e6aa3acae0e9035e93159765cb2db36242fc4',
18 silly publish   _id: 'cardpack@1.0.0',
18 silly publish   _shasum: 'd737f3e68aec6b9417fe44c11fb5c2ef555aae26',
18 silly publish   _from: '.' }
19 verbose getPublishConfig undefined
20 silly mapToRegistry name cardpack
21 silly mapToRegistry using default registry
22 silly mapToRegistry registry https://registry.npmjs.org/
23 silly mapToRegistry uri https://registry.npmjs.org/cardpack
24 verbose publish registryBase https://registry.npmjs.org/
25 silly publish uploading C:\Documents and Settings\Developer\Application Data\npm-cache\cardpack\1.0.0\package.tgz
26 verbose request uri https://registry.npmjs.org/cardpack
27 verbose request sending authorization for write operation
28 info attempt registry request try #1 at 10:02:43 PM
29 verbose request using bearer token for auth
30 verbose request id de3d2859117d71a8
31 http request PUT https://registry.npmjs.org/cardpack
32 http 403 https://registry.npmjs.org/cardpack
33 verbose headers { 'content-type': 'application/json',
33 verbose headers   'cache-control': 'max-age=60',
33 verbose headers   'content-length': '95',
33 verbose headers   'accept-ranges': 'bytes',
33 verbose headers   date: 'Wed, 23 Sep 2015 05:02:43 GMT',
33 verbose headers   via: '1.1 varnish',
33 verbose headers   connection: 'keep-alive',
33 verbose headers   'x-served-by': 'cache-lax1432-LAX',
33 verbose headers   'x-cache': 'MISS',
33 verbose headers   'x-cache-hits': '0',
33 verbose headers   'x-timer': 'S1442984562.981451,VS0,VE175' }
34 verbose request invalidating C:\Documents and Settings\Developer\Application Data\npm-cache\registry.npmjs.org\cardpack on PUT
35 error publish Failed PUT 403
36 verbose stack Error: "You cannot publish over the previously published version 1.0.0." : cardpack
36 verbose stack     at makeError (C:\applications\nodejs\node_modules\npm\node_modules\npm-registry-client\lib\request.js:263:12)
36 verbose stack     at CachingRegistryClient.<anonymous> (C:\applications\nodejs\node_modules\npm\node_modules\npm-registry-client\lib\request.js:251:14)
36 verbose stack     at Request._callback (C:\applications\nodejs\node_modules\npm\node_modules\npm-registry-client\lib\request.js:171:14)
36 verbose stack     at Request.self.callback (C:\applications\nodejs\node_modules\npm\node_modules\request\request.js:198:22)
36 verbose stack     at emitTwo (events.js:87:13)
36 verbose stack     at Request.emit (events.js:172:7)
36 verbose stack     at Request.<anonymous> (C:\applications\nodejs\node_modules\npm\node_modules\request\request.js:1073:14)
36 verbose stack     at emitOne (events.js:82:20)
36 verbose stack     at Request.emit (events.js:169:7)
36 verbose stack     at IncomingMessage.<anonymous> (C:\applications\nodejs\node_modules\npm\node_modules\request\request.js:1019:12)
37 verbose statusCode 403
38 verbose pkgid cardpack
39 verbose cwd C:\Documents and Settings\Developer\My Documents\code\cardpack
40 error Windows_NT 5.1.2600
41 error argv "C:\\applications\\nodejs\\node.exe" "C:\\applications\\nodejs\\node_modules\\npm\\bin\\npm-cli.js" "publish" "-f"
42 error node v4.1.0
43 error npm  v2.14.3
44 error code E403
45 error "You cannot publish over the previously published version 1.0.0." : cardpack
46 error If you need help, you may report this error at:
46 error     <https://github.com/npm/npm/issues>
47 verbose exit [ 1, true ]
